{"/Users/luvkarakoti/Desktop/bigintegers/dist/class/biginteger.js":{"path":"/Users/luvkarakoti/Desktop/bigintegers/dist/class/biginteger.js","s":{"1":1,"2":1,"3":1,"4":3,"5":3,"6":3,"7":0,"8":3,"9":3,"10":3,"11":3,"12":1,"13":3,"14":2,"15":1,"16":1,"17":3,"18":0,"19":3,"20":1,"21":3,"22":3,"23":2,"24":3,"25":1,"26":3,"27":0,"28":3,"29":3,"30":66,"31":1,"32":3,"33":1,"34":3,"35":1,"36":1,"37":1,"38":1,"39":1,"40":1,"41":1,"42":1,"43":1,"44":1,"45":1},"b":{"1":[0,3],"2":[2,1],"3":[3,3,3],"4":[0,3],"5":[2,1],"6":[2,1],"7":[2,1],"8":[0,3],"9":[0,3],"10":[2,1],"11":[1,1],"12":[1,1]},"f":{"1":1,"2":3,"3":3,"4":3,"5":3,"6":3,"7":66,"8":3,"9":3,"10":1,"11":1},"fnMap":{"1":{"name":"(anonymous_1)","line":3,"loc":{"start":{"line":3,"column":32},"end":{"line":3,"column":44}}},"2":{"name":"BigInteger","line":8,"loc":{"start":{"line":8,"column":4},"end":{"line":8,"column":32}}},"3":{"name":"(anonymous_3)","line":28,"loc":{"start":{"line":28,"column":41},"end":{"line":28,"column":59}}},"4":{"name":"(anonymous_4)","line":37,"loc":{"start":{"line":37,"column":41},"end":{"line":37,"column":62}}},"5":{"name":"(anonymous_5)","line":46,"loc":{"start":{"line":46,"column":44},"end":{"line":46,"column":62}}},"6":{"name":"(anonymous_6)","line":62,"loc":{"start":{"line":62,"column":37},"end":{"line":62,"column":55}}},"7":{"name":"(anonymous_7)","line":66,"loc":{"start":{"line":66,"column":48},"end":{"line":66,"column":64}}},"8":{"name":"(anonymous_8)","line":72,"loc":{"start":{"line":72,"column":13},"end":{"line":72,"column":25}}},"9":{"name":"(anonymous_9)","line":79,"loc":{"start":{"line":79,"column":13},"end":{"line":79,"column":25}}},"10":{"name":"(anonymous_10)","line":96,"loc":{"start":{"line":96,"column":1},"end":{"line":96,"column":23}}},"11":{"name":"(anonymous_11)","line":101,"loc":{"start":{"line":101,"column":5},"end":{"line":101,"column":22}}}},"statementMap":{"1":{"start":{"line":2,"column":0},"end":{"line":2,"column":62}},"2":{"start":{"line":3,"column":0},"end":{"line":93,"column":5}},"3":{"start":{"line":8,"column":4},"end":{"line":23,"column":5}},"4":{"start":{"line":14,"column":8},"end":{"line":14,"column":42}},"5":{"start":{"line":15,"column":8},"end":{"line":15,"column":34}},"6":{"start":{"line":16,"column":8},"end":{"line":18,"column":9}},"7":{"start":{"line":17,"column":12},"end":{"line":17,"column":116}},"8":{"start":{"line":19,"column":8},"end":{"line":19,"column":48}},"9":{"start":{"line":20,"column":8},"end":{"line":20,"column":55}},"10":{"start":{"line":21,"column":8},"end":{"line":21,"column":54}},"11":{"start":{"line":22,"column":8},"end":{"line":22,"column":46}},"12":{"start":{"line":28,"column":4},"end":{"line":32,"column":6}},"13":{"start":{"line":29,"column":8},"end":{"line":30,"column":24}},"14":{"start":{"line":30,"column":12},"end":{"line":30,"column":24}},"15":{"start":{"line":31,"column":8},"end":{"line":31,"column":21}},"16":{"start":{"line":37,"column":4},"end":{"line":41,"column":6}},"17":{"start":{"line":38,"column":8},"end":{"line":39,"column":41}},"18":{"start":{"line":39,"column":12},"end":{"line":39,"column":41}},"19":{"start":{"line":40,"column":8},"end":{"line":40,"column":111}},"20":{"start":{"line":46,"column":4},"end":{"line":57,"column":6}},"21":{"start":{"line":47,"column":8},"end":{"line":47,"column":44}},"22":{"start":{"line":48,"column":8},"end":{"line":49,"column":18}},"23":{"start":{"line":49,"column":12},"end":{"line":49,"column":18}},"24":{"start":{"line":50,"column":8},"end":{"line":56,"column":67}},"25":{"start":{"line":62,"column":4},"end":{"line":67,"column":6}},"26":{"start":{"line":63,"column":8},"end":{"line":64,"column":22}},"27":{"start":{"line":64,"column":12},"end":{"line":64,"column":22}},"28":{"start":{"line":65,"column":8},"end":{"line":65,"column":44}},"29":{"start":{"line":66,"column":8},"end":{"line":66,"column":92}},"30":{"start":{"line":66,"column":66},"end":{"line":66,"column":88}},"31":{"start":{"line":68,"column":4},"end":{"line":77,"column":7}},"32":{"start":{"line":73,"column":12},"end":{"line":73,"column":30}},"33":{"start":{"line":78,"column":4},"end":{"line":84,"column":7}},"34":{"start":{"line":80,"column":12},"end":{"line":80,"column":33}},"35":{"start":{"line":90,"column":4},"end":{"line":90,"column":25}},"36":{"start":{"line":91,"column":4},"end":{"line":91,"column":26}},"37":{"start":{"line":92,"column":4},"end":{"line":92,"column":22}},"38":{"start":{"line":94,"column":0},"end":{"line":94,"column":32}},"39":{"start":{"line":95,"column":0},"end":{"line":95,"column":15}},"40":{"start":{"line":96,"column":0},"end":{"line":106,"column":65}},"41":{"start":{"line":100,"column":4},"end":{"line":100,"column":14}},"42":{"start":{"line":101,"column":4},"end":{"line":105,"column":60}},"43":{"start":{"line":102,"column":8},"end":{"line":102,"column":28}},"44":{"start":{"line":103,"column":8},"end":{"line":103,"column":29}},"45":{"start":{"line":104,"column":8},"end":{"line":104,"column":27}}},"branchMap":{"1":{"line":16,"type":"if","locations":[{"start":{"line":16,"column":8},"end":{"line":16,"column":8}},{"start":{"line":16,"column":8},"end":{"line":16,"column":8}}]},"2":{"line":29,"type":"if","locations":[{"start":{"line":29,"column":8},"end":{"line":29,"column":8}},{"start":{"line":29,"column":8},"end":{"line":29,"column":8}}]},"3":{"line":29,"type":"binary-expr","locations":[{"start":{"line":29,"column":12},"end":{"line":29,"column":18}},{"start":{"line":29,"column":23},"end":{"line":29,"column":65}},{"start":{"line":29,"column":69},"end":{"line":29,"column":112}}]},"4":{"line":38,"type":"if","locations":[{"start":{"line":38,"column":8},"end":{"line":38,"column":8}},{"start":{"line":38,"column":8},"end":{"line":38,"column":8}}]},"5":{"line":40,"type":"cond-expr","locations":[{"start":{"line":40,"column":64},"end":{"line":40,"column":86}},{"start":{"line":40,"column":89},"end":{"line":40,"column":110}}]},"6":{"line":47,"type":"cond-expr","locations":[{"start":{"line":47,"column":38},"end":{"line":47,"column":39}},{"start":{"line":47,"column":42},"end":{"line":47,"column":43}}]},"7":{"line":52,"type":"cond-expr","locations":[{"start":{"line":52,"column":28},"end":{"line":52,"column":38}},{"start":{"line":52,"column":41},"end":{"line":52,"column":62}}]},"8":{"line":56,"type":"cond-expr","locations":[{"start":{"line":56,"column":32},"end":{"line":56,"column":47}},{"start":{"line":56,"column":50},"end":{"line":56,"column":65}}]},"9":{"line":63,"type":"if","locations":[{"start":{"line":63,"column":8},"end":{"line":63,"column":8}},{"start":{"line":63,"column":8},"end":{"line":63,"column":8}}]},"10":{"line":65,"type":"cond-expr","locations":[{"start":{"line":65,"column":38},"end":{"line":65,"column":39}},{"start":{"line":65,"column":42},"end":{"line":65,"column":43}}]},"11":{"line":105,"type":"binary-expr","locations":[{"start":{"line":105,"column":15},"end":{"line":105,"column":31}},{"start":{"line":105,"column":36},"end":{"line":105,"column":57}}]},"12":{"line":106,"type":"binary-expr","locations":[{"start":{"line":106,"column":16},"end":{"line":106,"column":34}},{"start":{"line":106,"column":39},"end":{"line":106,"column":62}}]}}}}