TN:
SF:/Users/luvkarakoti/Desktop/bigintegers/dist/class/biginteger.js
FN:3,(anonymous_1)
FN:8,BigInteger
FN:28,(anonymous_3)
FN:37,(anonymous_4)
FN:46,(anonymous_5)
FN:62,(anonymous_6)
FN:66,(anonymous_7)
FN:72,(anonymous_8)
FN:79,(anonymous_9)
FN:96,(anonymous_10)
FN:101,(anonymous_11)
FNF:11
FNH:11
FNDA:1,(anonymous_1)
FNDA:3,BigInteger
FNDA:3,(anonymous_3)
FNDA:3,(anonymous_4)
FNDA:3,(anonymous_5)
FNDA:3,(anonymous_6)
FNDA:66,(anonymous_7)
FNDA:3,(anonymous_8)
FNDA:3,(anonymous_9)
FNDA:1,(anonymous_10)
FNDA:1,(anonymous_11)
DA:2,1
DA:3,1
DA:8,1
DA:14,3
DA:15,3
DA:16,3
DA:17,0
DA:19,3
DA:20,3
DA:21,3
DA:22,3
DA:28,1
DA:29,3
DA:30,2
DA:31,1
DA:37,1
DA:38,3
DA:39,0
DA:40,3
DA:46,1
DA:47,3
DA:48,3
DA:49,2
DA:50,3
DA:62,1
DA:63,3
DA:64,0
DA:65,3
DA:66,66
DA:68,1
DA:73,3
DA:78,1
DA:80,3
DA:90,1
DA:91,1
DA:92,1
DA:94,1
DA:95,1
DA:96,1
DA:100,1
DA:101,1
DA:102,1
DA:103,1
DA:104,1
LF:44
LH:41
BRDA:16,1,0,0
BRDA:16,1,1,3
BRDA:29,2,0,2
BRDA:29,2,1,1
BRDA:29,3,0,3
BRDA:29,3,1,3
BRDA:29,3,2,3
BRDA:38,4,0,0
BRDA:38,4,1,3
BRDA:40,5,0,2
BRDA:40,5,1,1
BRDA:47,6,0,2
BRDA:47,6,1,1
BRDA:52,7,0,2
BRDA:52,7,1,1
BRDA:56,8,0,0
BRDA:56,8,1,3
BRDA:63,9,0,0
BRDA:63,9,1,3
BRDA:65,10,0,2
BRDA:65,10,1,1
BRDA:105,11,0,1
BRDA:105,11,1,1
BRDA:106,12,0,1
BRDA:106,12,1,1
BRF:25
BRH:21
end_of_record
